<?xml version="1.0" encoding="UTF-8"?>
<testsuite name="io.github.adaptivekt.data.AdaptiveDataHelpersTest" tests="3" skipped="0" failures="0" errors="0" timestamp="2026-05-24T01:46:48.469Z" hostname="DESKTOP-JLJPILJ" time="0.092">
  <properties/>
  <testcase name="visible columns respects min breakpoint and falls back when none visible[jvm]" classname="io.github.adaptivekt.data.AdaptiveDataHelpersTest" time="0.038"/>
  <testcase name="mobile column heuristics infer title subtitle status and limited metadata[jvm]" classname="io.github.adaptivekt.data.AdaptiveDataHelpersTest" time="0.053"/>
  <testcase name="should use table layout for expanded and large breakpoints[jvm]" classname="io.github.adaptivekt.data.AdaptiveDataHelpersTest" time="0.0"/>
  <system-out><![CDATA[]]></system-out>
  <system-err><![CDATA[]]></system-err>
</testsuite>
