<?xml version="1.0" encoding="UTF-8"?>
<testsuite name="io.github.adaptivekt.core.AdaptiveValueTest" tests="10" skipped="0" failures="0" errors="0" timestamp="2026-05-26T12:21:32.258Z" hostname="DESKTOP-JLJPILJ" time="0.002">
  <properties/>
  <testcase name="expanded returns expanded when available[jvm]" classname="io.github.adaptivekt.core.AdaptiveValueTest" time="0.001"/>
  <testcase name="expanded falls back to medium when expanded is null[jvm]" classname="io.github.adaptivekt.core.AdaptiveValueTest" time="0.0"/>
  <testcase name="large falls back to compact when large, expanded, and medium are null[jvm]" classname="io.github.adaptivekt.core.AdaptiveValueTest" time="0.0"/>
  <testcase name="expanded falls back to compact when expanded and medium are null[jvm]" classname="io.github.adaptivekt.core.AdaptiveValueTest" time="0.0"/>
  <testcase name="medium falls back to compact when medium is null[jvm]" classname="io.github.adaptivekt.core.AdaptiveValueTest" time="0.0"/>
  <testcase name="large falls back to expanded when large is null[jvm]" classname="io.github.adaptivekt.core.AdaptiveValueTest" time="0.0"/>
  <testcase name="compact always returns compact value[jvm]" classname="io.github.adaptivekt.core.AdaptiveValueTest" time="0.0"/>
  <testcase name="large returns large when available[jvm]" classname="io.github.adaptivekt.core.AdaptiveValueTest" time="0.0"/>
  <testcase name="medium returns medium when available[jvm]" classname="io.github.adaptivekt.core.AdaptiveValueTest" time="0.001"/>
  <testcase name="large falls back to medium when large and expanded are null[jvm]" classname="io.github.adaptivekt.core.AdaptiveValueTest" time="0.0"/>
  <system-out><![CDATA[]]></system-out>
  <system-err><![CDATA[]]></system-err>
</testsuite>
