<?xml version="1.0" encoding="UTF-8"?>
<testsuite name="io.github.adaptivekt.navigation.NavigationModeTest" tests="5" skipped="0" failures="0" errors="0" timestamp="2026-05-22T21:16:11.202Z" hostname="DESKTOP-JLJPILJ" time="0.021">
  <properties/>
  <testcase name="compact without bottom navigation returns drawer[jvm]" classname="io.github.adaptivekt.navigation.NavigationModeTest" time="0.019"/>
  <testcase name="compact with bottom navigation returns bottom navigation[jvm]" classname="io.github.adaptivekt.navigation.NavigationModeTest" time="0.0"/>
  <testcase name="large returns sidebar[jvm]" classname="io.github.adaptivekt.navigation.NavigationModeTest" time="0.0"/>
  <testcase name="expanded returns sidebar[jvm]" classname="io.github.adaptivekt.navigation.NavigationModeTest" time="0.0"/>
  <testcase name="medium returns navigation rail[jvm]" classname="io.github.adaptivekt.navigation.NavigationModeTest" time="0.001"/>
  <system-out><![CDATA[]]></system-out>
  <system-err><![CDATA[]]></system-err>
</testsuite>
