<?xml version="1.0" encoding="UTF-8"?>
<testsuite name="io.github.adaptivekt.layout.AdaptiveGridAlgorithmTest" tests="11" skipped="0" failures="0" errors="0" timestamp="2026-05-22T20:33:10.814Z" hostname="DESKTOP-JLJPILJ" time="0.045">
  <properties/>
  <testcase name="remaining columns for 8 plus 4 is 0[jvm]" classname="io.github.adaptivekt.layout.AdaptiveGridAlgorithmTest" time="0.043"/>
  <testcase name="8 plus 4 remain in single row[jvm]" classname="io.github.adaptivekt.layout.AdaptiveGridAlgorithmTest" time="0.0"/>
  <testcase name="remaining columns for 6 plus 6 is 0[jvm]" classname="io.github.adaptivekt.layout.AdaptiveGridAlgorithmTest" time="0.0"/>
  <testcase name="coerce span above columns becomes columns[jvm]" classname="io.github.adaptivekt.layout.AdaptiveGridAlgorithmTest" time="0.0"/>
  <testcase name="coerce span below 1 becomes 1[jvm]" classname="io.github.adaptivekt.layout.AdaptiveGridAlgorithmTest" time="0.0"/>
  <testcase name="remaining columns for 4 plus 4 is 4[jvm]" classname="io.github.adaptivekt.layout.AdaptiveGridAlgorithmTest" time="0.0"/>
  <testcase name="4 plus 4 plus 6 becomes two rows[jvm]" classname="io.github.adaptivekt.layout.AdaptiveGridAlgorithmTest" time="0.0"/>
  <testcase name="4 plus 4 plus 4 in single row[jvm]" classname="io.github.adaptivekt.layout.AdaptiveGridAlgorithmTest" time="0.0"/>
  <testcase name="remaining columns for single 8 is 4[jvm]" classname="io.github.adaptivekt.layout.AdaptiveGridAlgorithmTest" time="0.0"/>
  <testcase name="6 plus 6 remain in single row[jvm]" classname="io.github.adaptivekt.layout.AdaptiveGridAlgorithmTest" time="0.0"/>
  <testcase name="8 plus 8 becomes two rows[jvm]" classname="io.github.adaptivekt.layout.AdaptiveGridAlgorithmTest" time="0.0"/>
  <system-out><![CDATA[]]></system-out>
  <system-err><![CDATA[]]></system-err>
</testsuite>
